Traceback (most recent call last):
  File "/home/brittny/.local/lib/python3.10/site-packages/jupyter_cache/executors/utils.py", line 58, in single_nb_execution
    executenb(
  File "/home/brittny/.local/lib/python3.10/site-packages/nbclient/client.py", line 1305, in execute
    return NotebookClient(nb=nb, resources=resources, km=km, **kwargs).execute()
  File "/home/brittny/.local/lib/python3.10/site-packages/jupyter_core/utils/__init__.py", line 173, in wrapped
    return loop.run_until_complete(inner)
  File "/usr/lib/python3.10/asyncio/base_events.py", line 649, in run_until_complete
    return future.result()
  File "/home/brittny/.local/lib/python3.10/site-packages/nbclient/client.py", line 705, in async_execute
    await self.async_execute_cell(
  File "/home/brittny/.local/lib/python3.10/site-packages/nbclient/client.py", line 1058, in async_execute_cell
    await self._check_raise_for_error(cell, cell_index, exec_reply)
  File "/home/brittny/.local/lib/python3.10/site-packages/nbclient/client.py", line 914, in _check_raise_for_error
    raise CellExecutionError.from_cell_and_msg(cell, exec_reply_content)
nbclient.exceptions.CellExecutionError: An error occurred while executing the following cell:
------------------
# For visualizing the relationship between occupations and interests, we can create a heatmap using seaborn.
# Heatmap will use the correlation matrix that we computed before.

import seaborn as sns

plt.figure(figsize=(12,8))
sns.heatmap(occupation_interest_correlation, annot=True, cmap='coolwarm', fmt='.2f')
plt.title('Correlation between Occupations and Interests')
plt.show()
------------------


[0;31m---------------------------------------------------------------------------[0m
[0;31mModuleNotFoundError[0m                       Traceback (most recent call last)
Cell [0;32mIn[12], line 4[0m
[1;32m      1[0m [38;5;66;03m# For visualizing the relationship between occupations and interests, we can create a heatmap using seaborn.[39;00m
[1;32m      2[0m [38;5;66;03m# Heatmap will use the correlation matrix that we computed before.[39;00m
[0;32m----> 4[0m [38;5;28;01mimport[39;00m [38;5;21;01mseaborn[39;00m [38;5;28;01mas[39;00m [38;5;21;01msns[39;00m
[1;32m      6[0m plt[38;5;241m.[39mfigure(figsize[38;5;241m=[39m([38;5;241m12[39m,[38;5;241m8[39m))
[1;32m      7[0m sns[38;5;241m.[39mheatmap(occupation_interest_correlation, annot[38;5;241m=[39m[38;5;28;01mTrue[39;00m, cmap[38;5;241m=[39m[38;5;124m'[39m[38;5;124mcoolwarm[39m[38;5;124m'[39m, fmt[38;5;241m=[39m[38;5;124m'[39m[38;5;124m.2f[39m[38;5;124m'[39m)

[0;31mModuleNotFoundError[0m: No module named 'seaborn'

